<?xml version="1.0" encoding="UTF-8"?>
<!-- Generated by org.testng.reporters.JUnitReportReporter -->
<testsuite hostname="AkhilaLaptop" failures="0" tests="1" name="Tests.HomePageTest" time="9.425" errors="0" timestamp="09 Feb 2023 19:03:45 GMT" skipped="0">
  <testcase classname="Tests.HomePageTest" name="logutButtonDisplayTest" time="9.425"/>
</testsuite> <!-- Tests.HomePageTest -->
